<?xml version="1.0" encoding="UTF-8"?>
<!-- Generated by org.testng.reporters.JUnitXMLReporter -->
<testsuite ignored="0" hostname="DESKTOP-P39CJOI" failures="0" tests="5" name="Default test" time="26.546" errors="0" timestamp="2023-04-30T09:20:09 IST">
  <testcase classname="Saucedemo_Runner.Runner" name="Login" time="22.583"/>
  <testcase classname="Saucedemo_Runner.Runner" name="Add_first_Product_from_Inside" time="0.77"/>
  <testcase classname="Saucedemo_Runner.Runner" name="Add_2nd_Product_from_Inside" time="1.404"/>
  <testcase classname="Saucedemo_Runner.Runner" name="TestingNumber_OfItmesin_cart" time="0.309"/>
  <testcase classname="Saucedemo_Runner.Runner" name="Filter" time="1.284"/>
</testsuite> <!-- Default test -->
